2018-10-04 18:43:23- ExitCommand{}
2018-10-04 18:47:26- ExitCommand{}
2018-10-04 18:49:44- AddCommand{sender='rgdg', receiver='dgdrg', address='drgdrg', category=REGULAR}
2018-10-04 18:49:46- ListCommand{}
2018-10-04 18:49:47- SendCommand{}
2018-10-04 18:49:47- sending to
2018-10-04 18:49:49- ExitCommand{}
2018-10-04 18:56:03- Create message box with intial size = 100
2018-10-04 18:56:12- ExitCommand{}
2018-10-04 19:04:19- Create message box with initial size = 100
2018-10-04 19:04:35- AddCommand{sender='sgrdg', receiver='drgdg', address='drgd', category=REGULAR}
2018-10-04 19:04:35- category = REGULAR, fromsgrdg, todrgdg(drgd)
2018-10-04 19:04:41- ListCommand{}
2018-10-04 19:04:54- SendCommand{}
2018-10-04 19:04:54- Send message to main office.
2018-10-04 19:04:54- sending to main officeMessage{category=REGULAR, sender='sgrdg', address='drgd', receiver='drgdg', id=0, date=Thu Oct 04 19:04:35 EEST 2018}
2018-10-04 19:04:56- ExitCommand{}
2018-10-04 19:19:25- Create message box with initial size = 100
2018-10-04 19:19:38- AddCommand{sender='rgsrg', receiver='drhdrh', address='drhdh', category=REGULAR}
2018-10-04 19:19:38- category = REGULAR, fromrgsrg, todrhdrh(drhdh)
2018-10-04 19:19:48- ExitCommand{}
2018-10-04 19:29:34- Create message box with initial size = 100
2018-10-04 19:29:46- AddCommand{sender='fgsg', receiver='srg', address='srgs', category=REGULAR}
2018-10-04 19:29:46- category = REGULAR, fromfgsg, tosrg(srgs)
2018-10-04 19:30:29- Create message box with initial size = 100
2018-10-04 19:30:37- AddCommand{sender='grdrg', receiver='dhrdrh', address='drhdh', category=SPECIAL}
2018-10-04 19:30:37- category = SPECIAL, fromgrdrg, todhrdrh(drhdh)
2018-10-04 19:31:24- Create message box with initial size = 100
2018-10-04 19:31:30- AddCommand{sender='rgdrhg', receiver='drhdh', address='drhdh', category=SPECIAL}
2018-10-04 19:31:30- category = SPECIAL, fromrgdrhg, todrhdh(drhdh)
2018-10-04 19:31:30- EmptyCommand{}
2018-10-04 19:31:47- Create message box with initial size = 100
2018-10-04 19:31:58- AddCommand{sender='sgrr', receiver='drgrdg', address='drgg', category=SPECIAL}
2018-10-04 19:31:58- category = SPECIAL, fromsgrr, todrgrdg(drgg)
2018-10-04 19:34:08- Create message box with initial size = 100
2018-10-04 19:34:15- AddCommand{sender='sgrgfg', receiver='dgdrg', address='drgdrg', category=SPECIAL}
2018-10-04 19:34:15- category = SPECIAL, fromsgrgfg, todgdrg(drgdrg)
2018-10-04 19:34:28- ExitCommand{}
2018-10-04 19:49:33- Create message box with initial size = 100
2018-10-04 19:49:44- AddCommand{sender='fes', receiver='sgsg', address='sgsg', category=REGULAR}
2018-10-04 19:49:44- category = REGULAR, fromfes, tosgsg(sgsg)
2018-10-04 19:49:55- AddCommand{sender='srgs', receiver='gsrgsrg', address='drg', category=FIRST_CLASS}
2018-10-04 19:49:55- category = FIRST_CLASS, fromsrgs, togsrgsrg(drg)
2018-10-04 19:49:57- ListCommand{}
2018-10-04 19:50:03- SendCommand{}
2018-10-04 19:50:03- Send message to main office.
2018-10-04 19:50:04- sending to main officeMessage{category=REGULAR, sender='fes', address='sgsg', receiver='sgsg', id=0, date=Thu Oct 04 19:49:44 EEST 2018}
2018-10-04 19:50:04- sending to main officeMessage{category=FIRST_CLASS, sender='srgs', address='drg', receiver='gsrgsrg', id=1, date=Thu Oct 04 19:49:55 EEST 2018}
2018-10-04 19:50:10- ExitCommand{}
2018-10-04 21:14:04- Create message box with initial size = 100
2018-10-04 21:14:12- HelpCommand{}
2018-10-04 21:36:50- Create message box with initial size = 100
2018-10-04 21:36:52- HelpCommand{}
2018-10-04 21:38:02- ExitCommand{}
2018-10-04 21:38:07- Create message box with initial size = 100
2018-10-04 21:38:10- HelpCommand{}
2018-10-04 21:39:01- Create message box with initial size = 100
2018-10-04 21:39:04- HelpCommand{}
2018-10-04 21:42:27- Create message box with initial size = 100
2018-10-04 21:42:29- HelpCommand{}
2018-10-04 21:44:39- Create message box with initial size = 100
2018-10-04 21:44:41- HelpCommand{}
2018-10-04 21:46:04- Create message box with initial size = 100
2018-10-04 21:46:08- HelpCommand{}
2018-10-04 21:52:18- Create message box with initial size = 100
2018-10-04 21:52:56- Create message box with initial size = 100
2018-10-04 21:53:09- Create message box with initial size = 100
2018-10-04 21:54:03- Create message box with initial size = 100
2018-10-04 21:54:12- HelpCommand{}
2018-10-04 21:54:12- EmptyCommand{}
2018-10-04 21:56:12- Create message box with initial size = 100
2018-10-04 21:58:07- Create message box with initial size = 100
2018-10-04 21:58:11- HelpCommand{}
2018-10-04 21:59:49- Create message box with initial size = 100
2018-10-04 21:59:56- HelpCommand{}
2018-10-04 21:59:58- ExitCommand{}
